Build started 9/23/2016 8:59:39 PM.
     1>Project "C:\Lawrence\Stuff\cisp360\hw4\7.8\7.8\7.8.vcxproj" on node 2 (Build target(s)).
     1>ClCompile:
         C:\Program Files (x86)\Microsoft Visual Studio 12.0\VC\bin\CL.exe /c /ZI /nologo /W3 /WX- /Od /Oy- /D WIN32 /D _DEBUG /D _CONSOLE /D _LIB /D _UNICODE /D UNICODE /Gm /EHsc /RTC1 /MDd /GS /fp:precise /Zc:wchar_t /Zc:forScope /Fo"Debug\\" /Fd"Debug\vc120.pdb" /Gd /TP /analyze- /errorReport:prompt 7.8.cpp
         7.8.cpp
     1>c:\lawrence\stuff\cisp360\hw4\7.8\7.8\7.8.cpp(14): warning C4305: 'initializing' : truncation from 'double' to 'const float'
     1>c:\lawrence\stuff\cisp360\hw4\7.8\7.8\7.8.cpp(18): warning C4244: '=' : conversion from 'double' to 'float', possible loss of data
     1>c:\lawrence\stuff\cisp360\hw4\7.8\7.8\7.8.cpp(26): warning C4244: 'initializing' : conversion from 'double' to 'float', possible loss of data
     1>c:\lawrence\stuff\cisp360\hw4\7.8\7.8\7.8.cpp(44): warning C4996: 'scanf': This function or variable may be unsafe. Consider using scanf_s instead. To disable deprecation, use _CRT_SECURE_NO_WARNINGS. See online help for details.
                 c:\program files (x86)\microsoft visual studio 12.0\vc\include\stdio.h(283) : see declaration of 'scanf'
     1>c:\lawrence\stuff\cisp360\hw4\7.8\7.8\7.8.cpp(46): warning C4996: 'scanf': This function or variable may be unsafe. Consider using scanf_s instead. To disable deprecation, use _CRT_SECURE_NO_WARNINGS. See online help for details.
                 c:\program files (x86)\microsoft visual studio 12.0\vc\include\stdio.h(283) : see declaration of 'scanf'
     1>c:\lawrence\stuff\cisp360\hw4\7.8\7.8\7.8.cpp(48): warning C4996: 'scanf': This function or variable may be unsafe. Consider using scanf_s instead. To disable deprecation, use _CRT_SECURE_NO_WARNINGS. See online help for details.
                 c:\program files (x86)\microsoft visual studio 12.0\vc\include\stdio.h(283) : see declaration of 'scanf'
       Link:
         C:\Program Files (x86)\Microsoft Visual Studio 12.0\VC\bin\link.exe /ERRORREPORT:PROMPT /OUT:"C:\Lawrence\Stuff\cisp360\hw4\7.8\Debug\7.8.exe" /INCREMENTAL /NOLOGO kernel32.lib user32.lib gdi32.lib winspool.lib comdlg32.lib advapi32.lib shell32.lib ole32.lib oleaut32.lib uuid.lib odbc32.lib odbccp32.lib /MANIFEST /MANIFESTUAC:"level='asInvoker' uiAccess='false'" /manifest:embed /DEBUG /PDB:"C:\Lawrence\Stuff\cisp360\hw4\7.8\Debug\7.8.pdb" /SUBSYSTEM:CONSOLE /TLBID:1 /DYNAMICBASE /NXCOMPAT /IMPLIB:"C:\Lawrence\Stuff\cisp360\hw4\7.8\Debug\7.8.lib" /MACHINE:X86 Debug\7.8.obj
         7.8.vcxproj -> C:\Lawrence\Stuff\cisp360\hw4\7.8\Debug\7.8.exe
     1>Done Building Project "C:\Lawrence\Stuff\cisp360\hw4\7.8\7.8\7.8.vcxproj" (Build target(s)).

Build succeeded.

Time Elapsed 00:00:00.36
