Build started 11/20/2016 5:22:44 PM.
     1>Project "C:\Lawrence\soph\cisp360\hw11\RomanCalc\RomanCalc\RomanCalc.vcxproj" on node 2 (Build target(s)).
     1>ClCompile:
         C:\Program Files (x86)\Microsoft Visual Studio 12.0\VC\bin\CL.exe /c /ZI /nologo /W3 /WX- /Od /Oy- /D WIN32 /D _DEBUG /D _CONSOLE /D _LIB /D _UNICODE /D UNICODE /Gm /EHsc /RTC1 /MDd /GS /fp:precise /Zc:wchar_t /Zc:forScope /Fo"Debug\\" /Fd"Debug\vc120.pdb" /Gd /TP /analyze- /errorReport:prompt Source.cpp
         Source.cpp
     1>c:\lawrence\soph\cisp360\hw11\romancalc\romancalc\source.cpp(45): warning C4996: 'getche': The POSIX name for this item is deprecated. Instead, use the ISO C++ conformant name: _getche. See online help for details.
                 c:\program files (x86)\microsoft visual studio 12.0\vc\include\conio.h(132) : see declaration of 'getche'
     1>c:\lawrence\soph\cisp360\hw11\romancalc\romancalc\source.cpp(115): warning C4996: 'scanf': This function or variable may be unsafe. Consider using scanf_s instead. To disable deprecation, use _CRT_SECURE_NO_WARNINGS. See online help for details.
                 c:\program files (x86)\microsoft visual studio 12.0\vc\include\stdio.h(283) : see declaration of 'scanf'
     1>c:\lawrence\soph\cisp360\hw11\romancalc\romancalc\source.cpp(119): warning C4996: 'scanf': This function or variable may be unsafe. Consider using scanf_s instead. To disable deprecation, use _CRT_SECURE_NO_WARNINGS. See online help for details.
                 c:\program files (x86)\microsoft visual studio 12.0\vc\include\stdio.h(283) : see declaration of 'scanf'
     1>c:\lawrence\soph\cisp360\hw11\romancalc\romancalc\source.cpp(139): warning C4996: 'getch': The POSIX name for this item is deprecated. Instead, use the ISO C++ conformant name: _getch. See online help for details.
                 c:\program files (x86)\microsoft visual studio 12.0\vc\include\conio.h(131) : see declaration of 'getch'
     1>c:\lawrence\soph\cisp360\hw11\romancalc\romancalc\source.cpp(62): warning C4715: 'doTheMath' : not all control paths return a value
       Link:
         C:\Program Files (x86)\Microsoft Visual Studio 12.0\VC\bin\link.exe /ERRORREPORT:PROMPT /OUT:"C:\Lawrence\soph\cisp360\hw11\RomanCalc\Debug\RomanCalc.exe" /INCREMENTAL /NOLOGO kernel32.lib user32.lib gdi32.lib winspool.lib comdlg32.lib advapi32.lib shell32.lib ole32.lib oleaut32.lib uuid.lib odbc32.lib odbccp32.lib /MANIFEST /MANIFESTUAC:"level='asInvoker' uiAccess='false'" /manifest:embed /DEBUG /PDB:"C:\Lawrence\soph\cisp360\hw11\RomanCalc\Debug\RomanCalc.pdb" /SUBSYSTEM:CONSOLE /TLBID:1 /DYNAMICBASE /NXCOMPAT /IMPLIB:"C:\Lawrence\soph\cisp360\hw11\RomanCalc\Debug\RomanCalc.lib" /MACHINE:X86 Debug\Source.obj
         RomanCalc.vcxproj -> C:\Lawrence\soph\cisp360\hw11\RomanCalc\Debug\RomanCalc.exe
     1>Done Building Project "C:\Lawrence\soph\cisp360\hw11\RomanCalc\RomanCalc\RomanCalc.vcxproj" (Build target(s)).

Build succeeded.

Time Elapsed 00:00:00.35
